[Message:   BepInEx] BepInEx 5.4.22.0 - valheim (5/20/2024 1:32:53 PM)
[Message:   BepInEx] User is running BepInExPack Valheim version 5.4.2202 from Thunderstore
[Info   :   BepInEx] Running under Unity v2022.3.17.5228416
[Info   :   BepInEx] CLR runtime version: 4.0.30319.42000
[Info   :   BepInEx] Supports SRE: True
[Info   :   BepInEx] System platform: Bits64, Windows
[Message:   BepInEx] Preloader started
[Info   :   BepInEx] Loaded 1 patcher method from [BepInEx.Preloader 5.4.22.0]
[Info   :   BepInEx] 1 patcher plugin loaded
[Info   :   BepInEx] Patching [UnityEngine.CoreModule] with [BepInEx.Chainloader]
[Message:   BepInEx] Preloader finished
[Message:   BepInEx] Chainloader ready
[Message:   BepInEx] Chainloader started
[Info   :   BepInEx] 5 plugins to load
[Info   :   BepInEx] Loading [Configuration Manager 18.3]
[Info   :   BepInEx] Loading [Script Engine 10.0]
[Info   :   BepInEx] Loading [UnityExplorer 4.9.0]
[Message:UnityExplorer] UnityExplorer 4.9.0 initializing...
[Message:UnityExplorer] [UniverseLib] UniverseLib 1.5.1 initializing...
[Message:UnityExplorer] [UniverseLib] Finished UniverseLib initial setup.
[Message:UnityExplorer] Initialized UnityCrashPrevention for: Canvas.get_renderingDisplaySize
[Info   :   BepInEx] Loading [Display BepInEx Info In-Game 2.0.2]
[Info   :   BepInEx] Loading [Valheim AI NPC Mod Loader 1.0.0]
[Warning: Unity Log] The referenced script on this Behaviour (Game Object 'Text') is missing!
[Info   : Unity Log] PlayerNPCPrefab loaded
[Info   : Unity Log] SkeletonNPCPrefab loaded
[Message:   BepInEx] Chainloader startup complete
[Info   : Unity Log] Privilege Multiplayer is not known on this platform. Privilege therefore is granted without check...
[Info   : Unity Log] Privilege UserGeneratedContent is not known on this platform. Privilege therefore is granted without check...
[Info   : Unity Log] Privilege CrossPlay is not known on this platform. Privilege therefore is granted without check...
[Info   : Unity Log] 05/23/2024 17:05:24: Set background loading budget to Low

[Warning: Unity Log] 05/23/2024 17:05:24: Fetching PlatformPrefs 'GuiScale' before loading defaults

[Warning: Unity Log] 05/23/2024 17:05:24: Fetching PlatformPrefs 'GuiScale' before loading defaults

[Info   : Unity Log] 05/23/2024 17:05:24: Starting to load scene:start.unity (169d7618616154c03be07e9ad3af5893)

[Info   : Unity Log] 05/23/2024 17:05:24: Set background loading budget to Normal

[Message:UnityExplorer] [UniverseLib] Initialized Legacy Input support
[Message:UnityExplorer] [UniverseLib] Loaded modern bundle for Unity 2022.3.17f1
[Message:UnityExplorer] [UniverseLib] UniverseLib 1.5.1 initialized.
[Message:UnityExplorer] Creating UI...
[Message:UnityExplorer] UnityExplorer 4.9.0 (Mono) initialized.
[Info   : Unity Log] 05/23/2024 17:05:29: Set background loading budget to High

[Info   : Unity Log] 05/23/2024 17:05:40: Set background loading budget to Low

[Warning: Unity Log] Only custom filters can be played. Please add a custom filter or an audioclip to the audiosource (Amb_MainMenu).
[Warning: Unity Log] 05/23/2024 17:05:41: Missing audio clip in music respawn

[Warning: Unity Log] There can be only one active Event System.
[Info   : Unity Log] 05/23/2024 17:05:41: Using environment steamid 892970

[Info   : Unity Log] 05/23/2024 17:05:41: Using steam APPID:892970

[Info   : Unity Log] 05/23/2024 17:05:41: Authentication:k_ESteamNetworkingAvailability_Attempting

[Info   : Unity Log] 05/23/2024 17:05:41: Steam initialized, persona:BADMASH

[Info   : Unity Log] 05/23/2024 17:05:41: PlayFab custom ID set to "Steam_76561198329751178"

[Info   : Unity Log] 05/23/2024 17:05:41: Using default prefs

[Info   : Unity Log] 05/23/2024 17:05:41: Valheim version: 0.218.15 (network version 27)

[Info   : Unity Log] Trying to set graphic mode to 'Custom'
[Info   : Unity Log] Graphic mode 'Custom' is not or no longer supported. Fallback to default mode for platform...
[Info   : Unity Log] Graphic mode 'Custom' applied!
[Info   : Unity Log] 05/23/2024 17:05:41: Worldgenerator version setup:2

[Info   : Unity Log] 05/23/2024 17:05:41: Render threading mode:MultiThreaded

[Warning: Unity Log] 05/23/2024 17:05:41: Set button "CamZoomIn" to None!

[Warning: Unity Log] 05/23/2024 17:05:41: Set button "CamZoomOut" to None!

[Warning: Unity Log] 05/23/2024 17:05:41: Set button "CamZoomIn" to None!

[Warning: Unity Log] 05/23/2024 17:05:41: Set button "CamZoomOut" to None!

[Info   : Unity Log] 05/23/2024 17:05:41: Checking for installed DLCs

[Info   : Unity Log] 05/23/2024 17:05:41: DLC:beta installed:False

[Info   : Unity Log] 05/23/2024 17:05:41: Loaded localization file #0 - 'localization' language: 'English'

[Info   : Unity Log] 05/23/2024 17:05:41: Loaded localization file #1 - 'localization_extra' language: 'English'

[Info   : Unity Log] 05/23/2024 17:05:41: Loaded localization file #2 - 'heightmap_message' language: 'English'

[Info   : Unity Log] 05/23/2024 17:05:41: Loaded localization file #3 - 'localization_hildir' language: 'English'

[Info   : Unity Log] 05/23/2024 17:05:41: Loaded localization file #4 - 'localization_emotes' language: 'English'

[Info   : Unity Log] 05/23/2024 17:05:41: Loaded localization file #5 - 'localization_ashlands' language: 'English'

[Info   : Unity Log] 05/23/2024 17:05:41: Loaded localization file #0 - 'localization' language: 'English'

[Info   : Unity Log] 05/23/2024 17:05:41: Loaded localization file #1 - 'localization_extra' language: 'English'

[Info   : Unity Log] 05/23/2024 17:05:41: Loaded localization file #2 - 'heightmap_message' language: 'English'

[Info   : Unity Log] 05/23/2024 17:05:41: Loaded localization file #3 - 'localization_hildir' language: 'English'

[Info   : Unity Log] 05/23/2024 17:05:41: Loaded localization file #4 - 'localization_emotes' language: 'English'

[Info   : Unity Log] 05/23/2024 17:05:41: Loaded localization file #5 - 'localization_ashlands' language: 'English'

[Info   : Unity Log] 05/23/2024 17:05:41: Sending PlayFab login request (attempt 1)

[Info   : Unity Log] 05/23/2024 17:05:41: Starting music menu

[Info   : Unity Log] 05/23/2024 17:05:42: PlayFab logged in as "Steam_76561198329751178"

[Info   : Unity Log] 05/23/2024 17:05:42: PlayFab local entity ID is D38B07F8ECC9A082

[Info   : Unity Log] 05/23/2024 17:05:46: show character selection

[Info   : Unity Log] 05/23/2024 17:05:47: OnCharacterStart

[Info   : Unity Log] 05/23/2024 17:05:50: Loading main scene

[Info   : Unity Log] 05/23/2024 17:05:50: Audioman already exist, destroying self

[Info   : Unity Log] 05/23/2024 17:05:50: Steam initialized, persona:BADMASH

[Info   : Unity Log] 05/23/2024 17:05:50: PlayFab custom ID set to "Steam_76561198329751178"

[Info   : Unity Log] 05/23/2024 17:05:50: Using default prefs

[Info   : Unity Log] 05/23/2024 17:05:50: Loading player profile player

[Info   : Unity Log] 05/23/2024 17:05:50: isModded: True

[Info   : Unity Log] 05/23/2024 17:05:50: Zonesystem Awake 680

[Info   : Unity Log] 05/23/2024 17:05:50: DungeonDB Awake 680

[Info   : Unity Log] 05/23/2024 17:05:50: Steam initialized, persona:BADMASH

[Info   : Unity Log] 05/23/2024 17:05:50: Worldgenerator version setup:2

[Info   : Unity Log] 05/23/2024 17:05:52: Checking for installed DLCs

[Info   : Unity Log] 05/23/2024 17:05:52: DLC:beta installed:False

[Info   : Unity Log] 05/23/2024 17:05:52: Zonesystem Start 680

[Info   : Unity Log] 05/23/2024 17:05:52: Added 3 locations, 0 vegetations, 0 environments, 0 biome env-setups, 0 clutter  from main

[Info   : Unity Log] 05/23/2024 17:05:52: Added 1 locations, 0 vegetations, 2 environments, 0 biome env-setups, 0 clutter  from main

[Info   : Unity Log] 05/23/2024 17:05:52: Added 27 locations, 25 vegetations, 5 environments, 1 biome env-setups, 3 clutter  from main

[Info   : Unity Log] 05/23/2024 17:05:52: Added 4 locations, 0 vegetations, 1 environments, 0 biome env-setups, 0 clutter  from main

[Info   : Unity Log] 05/23/2024 17:05:52: Added 24 locations, 33 vegetations, 8 environments, 2 biome env-setups, 2 clutter  from main

[Info   : Unity Log] 05/23/2024 17:05:52: DungeonDB Start 680

[Info   : Unity Log] 05/23/2024 17:05:52: ZRpc timeout set to 30s 

[Info   : Unity Log] 05/23/2024 17:05:52: ZNET START

[Info   : Unity Log] 05/23/2024 17:05:52: Load world: world1 (world1)

[Info   : Unity Log] 05/23/2024 17:05:52: Loading 9512 zdos, my sessionID: 3876513625, data version: 34

[Info   : Unity Log] 05/23/2024 17:05:52: Loading in ZDOs

[Info   : Unity Log] 05/23/2024 17:05:52: Adding to Dictionary

[Info   : Unity Log] 05/23/2024 17:05:52: Adding to Sectors

[Info   : Unity Log] 05/23/2024 17:05:52: Connecting Portals, Spawners & ZSyncTransforms

[Info   : Unity Log] 05/23/2024 17:05:52: Loaded 11420 locations

[Info   : Unity Log] 05/23/2024 17:05:52: Unloading unused assets

[Info   : Unity Log] Am I Host? True
[Info   : Unity Log] 05/23/2024 17:05:52: Starting respawn

[Info   : Unity Log] 05/23/2024 17:05:53: Loading minimap textures done [328ms]

[Info   : Unity Log] 05/23/2024 17:05:53: Minimap: unpacking compressed mapData 8225 => 8388617 bytes

[Info   : Unity Log] 05/23/2024 17:05:53: tip:$loadscreen_tip12

[Info   : Unity Log] 05/23/2024 17:05:56: Force generating hmap (0.00, 0.00, 128.00)

[Info   : Unity Log] 05/23/2024 17:05:56: Force generating hmap (256.00, 0.00, 128.00)

[Info   : Unity Log] 05/23/2024 17:05:56: Force generating hmap (256.00, 0.00, 192.00)

[Info   : Unity Log] 05/23/2024 17:06:01: Spawned after 8.019994

[Warning: Unity Log] 05/23/2024 17:06:01: Missing stat for guardian power: 

[Info   : Unity Log] 05/23/2024 17:06:01: Skipping unloading unused assets

[Info   : Unity Log] 05/23/2024 17:06:01: Minimap: Adding unique location (124.03, 34.05, 196.85)

[Info   : Unity Log] 05/23/2024 17:06:05: Starting music morning

[Info   :Script Engine] Loading plugins from C:\Program Files (x86)\Steam\steamapps\common\Valheim\BepInEx\scripts\ValheimAIModLivePatch.dll
[Info   :Script Engine] Loading sahejhundal.ValheimAIModLivePatch
[Message:Script Engine] Reloaded all plugins!
[Info   : Unity Log] ValheimAIModLivePatch Awake
[Info   : Unity Log] 05/23/2024 17:06:09: Starting music meadows

[Info   : Unity Log] 05/23/2024 17:06:09: Resumed music meadows at 0

[Info   : Unity Log] 05/23/2024 17:06:57: Activating default element Continue

[Info   : Unity Log] 05/23/2024 17:07:05: Skipping unloading unused assets

[Info   : Unity Log] 05/23/2024 17:12:42: Update PlayFab entity token

